#
# A fatal error has been detected by the Java Runtime Environment:
#
#  Internal Error (javaClasses.cpp:129), pid=1624, tid=8096
#  fatal error: Invalid layout of preloaded class
#
# JRE version: 7.0_25-b16
# Java VM: Java HotSpot(TM) 64-Bit Server VM (23.25-b01 mixed mode windows-amd64 compressed oops)
# Failed to write core dump. Minidumps are not enabled by default on client versions of Windows
#
# If you would like to submit a bug report, please visit:
#   http://bugreport.sun.com/bugreport/crash.jsp
#

---------------  T H R E A D  ---------------

Current thread (0x0000000002820800):  JavaThread "Unknown thread" [_thread_in_vm, id=8096, stack(0x0000000002720000,0x0000000002820000)]

Stack: [0x0000000002720000,0x0000000002820000]

---------------  P R O C E S S  ---------------

Java Threads: ( => current thread )

Other Threads:

=>0x0000000002820800 (exited) JavaThread "Unknown thread" [_thread_in_vm, id=8096, stack(0x0000000002720000,0x0000000002820000)]

VM state:not at safepoint (not fully initialized)

VM Mutex/Monitor currently owned by a thread: None

GC Heap History (0 events):
No events

Deoptimization events (0 events):
No events

Internal exceptions (0 events):
No events

Events (10 events):
Event: 0.011 loading class 0x0000000002869300 done
Event: 0.011 loading class 0x00000000028697b0 done
Event: 0.011 loading class 0x00000000028697e0
Event: 0.011 loading class 0x000000000b55f730
Event: 0.011 loading class 0x000000000b55f730 done
Event: 0.011 loading class 0x000000000b55f670
Event: 0.011 loading class 0x000000000b55f670 done
Event: 0.011 loading class 0x00000000028b88a0
Event: 0.011 loading class 0x00000000028b88a0 done
Event: 0.012 loading class 0x00000000028697e0 done


Dynamic libraries:
0x00007ff64c690000 - 0x00007ff64c6c3000 	C:\Program Files\Java\jre7\bin\javaw.exe
0x00007ffa7e820000 - 0x00007ffa7e9c9000 	C:\WINDOWS\SYSTEM32\ntdll.dll
0x00007ffa7c790000 - 0x00007ffa7c8c9000 	C:\WINDOWS\system32\KERNEL32.DLL
0x00007ffa7bc70000 - 0x00007ffa7bd7e000 	C:\WINDOWS\system32\KERNELBASE.dll
0x00007ffa7a7d0000 - 0x00007ffa7a85b000 	C:\WINDOWS\system32\apphelp.dll
0x00007ffa74d20000 - 0x00007ffa74d6f000 	C:\WINDOWS\AppPatch\AppPatch64\AcGenral.DLL
0x00007ffa7c6e0000 - 0x00007ffa7c787000 	C:\WINDOWS\system32\msvcrt.dll
0x00007ffa7b980000 - 0x00007ffa7b9ab000 	C:\WINDOWS\SYSTEM32\SspiCli.dll
0x00007ffa7c8f0000 - 0x00007ffa7c941000 	C:\WINDOWS\system32\SHLWAPI.dll
0x00007ffa7c3c0000 - 0x00007ffa7c531000 	C:\WINDOWS\system32\USER32.dll
0x00007ffa7c9f0000 - 0x00007ffa7cb66000 	C:\WINDOWS\system32\ole32.dll
0x00007ffa7cf60000 - 0x00007ffa7e36d000 	C:\WINDOWS\system32\SHELL32.dll
0x00007ffa7b1b0000 - 0x00007ffa7b1cf000 	C:\WINDOWS\SYSTEM32\USERENV.dll
0x00007ffa7c0b0000 - 0x00007ffa7c155000 	C:\WINDOWS\system32\ADVAPI32.dll
0x00007ffa6e990000 - 0x00007ffa6e9ab000 	C:\WINDOWS\SYSTEM32\MPR.dll
0x00007ffa7cb80000 - 0x00007ffa7ccb6000 	C:\WINDOWS\system32\RPCRT4.dll
0x00007ffa7c680000 - 0x00007ffa7c6d7000 	C:\WINDOWS\SYSTEM32\sechost.dll
0x00007ffa7ccc0000 - 0x00007ffa7ce97000 	C:\WINDOWS\SYSTEM32\combase.dll
0x00007ffa7c270000 - 0x00007ffa7c3b5000 	C:\WINDOWS\system32\GDI32.dll
0x00007ffa7bba0000 - 0x00007ffa7bbb4000 	C:\WINDOWS\SYSTEM32\profapi.dll
0x00007ffa7a490000 - 0x00007ffa7a531000 	C:\WINDOWS\SYSTEM32\SHCORE.dll
0x00007ffa7c950000 - 0x00007ffa7c984000 	C:\WINDOWS\system32\IMM32.DLL
0x00007ffa7c540000 - 0x00007ffa7c678000 	C:\WINDOWS\system32\MSCTF.dll
0x00007ffa797a0000 - 0x00007ffa799fa000 	C:\WINDOWS\WinSxS\amd64_microsoft.windows.common-controls_6595b64144ccf1df_6.0.9600.16384_none_62475f7becb72503\COMCTL32.dll
0x00000000624c0000 - 0x0000000062591000 	C:\Program Files\Java\jre7\bin\msvcr100.dll
0x0000000061db0000 - 0x00000000624bf000 	C:\Program Files\Java\jre7\bin\server\jvm.dll
0x00007ffa62cc0000 - 0x00007ffa62cc9000 	C:\WINDOWS\SYSTEM32\WSOCK32.dll
0x00007ffa775f0000 - 0x00007ffa7760f000 	C:\WINDOWS\SYSTEM32\WINMM.dll
0x00007ffa7c160000 - 0x00007ffa7c167000 	C:\WINDOWS\system32\PSAPI.DLL
0x00007ffa7c210000 - 0x00007ffa7c268000 	C:\WINDOWS\system32\WS2_32.dll
0x00007ffa775c0000 - 0x00007ffa775ea000 	C:\WINDOWS\SYSTEM32\WINMMBASE.dll
0x00007ffa7c8d0000 - 0x00007ffa7c8d9000 	C:\WINDOWS\system32\NSI.dll
0x00007ffa7c060000 - 0x00007ffa7c0aa000 	C:\WINDOWS\SYSTEM32\cfgmgr32.dll
0x00007ffa7aa40000 - 0x00007ffa7aa66000 	C:\WINDOWS\SYSTEM32\DEVOBJ.dll
0x0000000061da0000 - 0x0000000061daf000 	C:\Program Files\Java\jre7\bin\verify.dll
0x0000000061d70000 - 0x0000000061d98000 	C:\Program Files\Java\jre7\bin\java.dll
0x0000000061d50000 - 0x0000000061d65000 	C:\Program Files\Java\jre7\bin\zip.dll

VM Arguments:
jvm_args: -Dfile.encoding=Cp1251 -Xbootclasspath:C:\Android\adt-bundle-windows-x86_64-20131030\sdk\platforms\android-15\android.jar 
java_command: org.coursera.capstone.client.unsafe.EasyHttpClient
Launcher Type: SUN_STANDARD

Environment Variables:
JAVA_HOME=C:\Program Files (x86)\Java\jdk1.7.0_25\bin
PATH=C:\Program Files (x86)\NVIDIA Corporation\PhysX\Common;C:\Python27\;C:\Python27\Scripts;C:\Python33\;C:\Program Files (x86)\Intel\iCLS Client\;C:\Program Files\Intel\iCLS Client\;C:\WINDOWS\system32;C:\WINDOWS;C:\WINDOWS\System32\Wbem;C:\WINDOWS\System32\WindowsPowerShell\v1.0\;C:\Program Files (x86)\EgisTec MyWinLocker\x64;C:\Program Files (x86)\EgisTec MyWinLocker\;C:\Program Files (x86)\Intel\OpenCL SDK\2.0\bin\x86;C:\Program Files (x86)\Intel\OpenCL SDK\2.0\bin\x64;C:\Program Files\Intel\Intel(R) Management Engine Components\DAL;C:\Program Files\Intel\Intel(R) Management Engine Components\IPT;C:\Program Files (x86)\Intel\Intel(R) Management Engine Components\DAL;C:\Program Files (x86)\Intel\Intel(R) Management Engine Components\IPT;C:\Program Files (x86)\GtkSharp\2.12\bin;C:\Program Files (x86)\Windows Kits\8.0\Windows Performance Toolkit\;C:\Program Files (x86)\Java\jdk1.7.0_25\bin;C:\Program Files\Java\jdk1.7.0_25\bin;c:\Program Files (x86)\Microsoft SQL Server\100\Tools\Binn\;c:\Program Files (x86)\Microsoft SQL Server\100\DTS\Binn\;c:\Program Files (x86)\Microsoft SQL Server\100\Tools\Binn\VSShell\Common7\IDE\;C:\Program Files\Microsoft SQL Server\110\Tools\Binn\;C:\Program Files\Microsoft\Web Platform Installer\;C:\Program Files (x86)\Microsoft ASP.NET\ASP.NET Web Pages\v1.0\;C:\Program Files (x86)\MySQL\MySQL Utilities 1.3.4\;C:\Program Files\MySQL\MySQL Server 5.6\bin;C:\Server\web\apache\bin;C:\Server\web\php;C:\Server\web\zend\bin;C:\Program Files (x86)\QuickTime\QTSystem\;C:\Program Files\TortoiseSVN\bin;C:\Users\aniou_000\AppData\Roaming\Python\Scripts;C:\Program Files (x86)\OpenVPN\bin
USERNAME=aniou_000
OS=Windows_NT
PROCESSOR_IDENTIFIER=Intel64 Family 6 Model 58 Stepping 9, GenuineIntel



---------------  S Y S T E M  ---------------

OS: Windows 8 , 64 bit Build 9200 

CPU:total 4 (2 cores per cpu, 2 threads per core) family 6 model 58 stepping 9, cmov, cx8, fxsr, mmx, sse, sse2, sse3, ssse3, sse4.1, sse4.2, popcnt, avx, ht, tsc, tscinvbit, tscinv

Memory: 4k page, physical 8199444k(1997416k free), swap 16588052k(8096952k free)

vm_info: Java HotSpot(TM) 64-Bit Server VM (23.25-b01) for windows-amd64 JRE (1.7.0_25-b16), built on Jun 12 2013 16:42:02 by "java_re" with unknown MS VC++:1600

time: Sun Nov 30 13:26:34 2014
elapsed time: 0 seconds

