#
# A fatal error has been detected by the Java Runtime Environment:
#
#  Internal Error (javaClasses.cpp:129), pid=5272, tid=5084
#  fatal error: Invalid layout of preloaded class
#
# JRE version: 7.0_25-b16
# Java VM: Java HotSpot(TM) 64-Bit Server VM (23.25-b01 mixed mode windows-amd64 compressed oops)
# Failed to write core dump. Minidumps are not enabled by default on client versions of Windows
#
# If you would like to submit a bug report, please visit:
#   http://bugreport.sun.com/bugreport/crash.jsp
#

---------------  T H R E A D  ---------------

Current thread (0x0000000002330800):  JavaThread "Unknown thread" [_thread_in_vm, id=5084, stack(0x0000000002130000,0x0000000002230000)]

Stack: [0x0000000002130000,0x0000000002230000]

---------------  P R O C E S S  ---------------

Java Threads: ( => current thread )

Other Threads:

=>0x0000000002330800 (exited) JavaThread "Unknown thread" [_thread_in_vm, id=5084, stack(0x0000000002130000,0x0000000002230000)]

VM state:not at safepoint (not fully initialized)

VM Mutex/Monitor currently owned by a thread: None

GC Heap History (0 events):
No events

Deoptimization events (0 events):
No events

Internal exceptions (0 events):
No events

Events (10 events):
Event: 0.009 loading class 0x0000000002379200 done
Event: 0.010 loading class 0x0000000002379350 done
Event: 0.010 loading class 0x00000000023798f0
Event: 0.010 loading class 0x000000000b06f570
Event: 0.010 loading class 0x000000000b06f570 done
Event: 0.010 loading class 0x000000000b06fd70
Event: 0.010 loading class 0x000000000b06fd70 done
Event: 0.010 loading class 0x000000000b06e9e0
Event: 0.010 loading class 0x000000000b06e9e0 done
Event: 0.010 loading class 0x00000000023798f0 done


Dynamic libraries:
0x00007ff7be8e0000 - 0x00007ff7be913000 	C:\Program Files\Java\jre7\bin\javaw.exe
0x00007ffa4ab00000 - 0x00007ffa4aca9000 	C:\WINDOWS\SYSTEM32\ntdll.dll
0x00007ffa488e0000 - 0x00007ffa48a19000 	C:\WINDOWS\system32\KERNEL32.DLL
0x00007ffa47fa0000 - 0x00007ffa480ae000 	C:\WINDOWS\system32\KERNELBASE.dll
0x00007ffa46ab0000 - 0x00007ffa46b3b000 	C:\WINDOWS\system32\apphelp.dll
0x00007ffa376c0000 - 0x00007ffa3770f000 	C:\WINDOWS\AppPatch\AppPatch64\AcGenral.DLL
0x00007ffa4a1b0000 - 0x00007ffa4a257000 	C:\WINDOWS\system32\msvcrt.dll
0x00007ffa47c60000 - 0x00007ffa47c8b000 	C:\WINDOWS\SYSTEM32\SspiCli.dll
0x00007ffa48bc0000 - 0x00007ffa48c11000 	C:\WINDOWS\system32\SHLWAPI.dll
0x00007ffa4a410000 - 0x00007ffa4a581000 	C:\WINDOWS\system32\USER32.dll
0x00007ffa4a260000 - 0x00007ffa4a3d6000 	C:\WINDOWS\system32\ole32.dll
0x00007ffa48c20000 - 0x00007ffa4a02d000 	C:\WINDOWS\system32\SHELL32.dll
0x00007ffa47490000 - 0x00007ffa474af000 	C:\WINDOWS\SYSTEM32\USERENV.dll
0x00007ffa485e0000 - 0x00007ffa48685000 	C:\WINDOWS\system32\ADVAPI32.dll
0x00007ffa38750000 - 0x00007ffa3876b000 	C:\WINDOWS\SYSTEM32\MPR.dll
0x00007ffa48a20000 - 0x00007ffa48b56000 	C:\WINDOWS\system32\RPCRT4.dll
0x00007ffa48b60000 - 0x00007ffa48bb7000 	C:\WINDOWS\SYSTEM32\sechost.dll
0x00007ffa4a920000 - 0x00007ffa4aaf7000 	C:\WINDOWS\SYSTEM32\combase.dll
0x00007ffa483d0000 - 0x00007ffa48515000 	C:\WINDOWS\system32\GDI32.dll
0x00007ffa47e80000 - 0x00007ffa47e94000 	C:\WINDOWS\SYSTEM32\profapi.dll
0x00007ffa464d0000 - 0x00007ffa46571000 	C:\WINDOWS\SYSTEM32\SHCORE.dll
0x00007ffa48390000 - 0x00007ffa483c4000 	C:\WINDOWS\system32\IMM32.DLL
0x00007ffa4a590000 - 0x00007ffa4a6c8000 	C:\WINDOWS\system32\MSCTF.dll
0x00007ffa45cc0000 - 0x00007ffa45f1a000 	C:\WINDOWS\WinSxS\amd64_microsoft.windows.common-controls_6595b64144ccf1df_6.0.9600.16384_none_62475f7becb72503\COMCTL32.dll
0x00000000529a0000 - 0x0000000052a71000 	C:\Program Files\Java\jre7\bin\msvcr100.dll
0x0000000052290000 - 0x000000005299f000 	C:\Program Files\Java\jre7\bin\server\jvm.dll
0x00007ffa39d50000 - 0x00007ffa39d59000 	C:\WINDOWS\SYSTEM32\WSOCK32.dll
0x00007ffa45080000 - 0x00007ffa4509f000 	C:\WINDOWS\SYSTEM32\WINMM.dll
0x00007ffa4a3e0000 - 0x00007ffa4a3e7000 	C:\WINDOWS\system32\PSAPI.DLL
0x00007ffa4a6d0000 - 0x00007ffa4a728000 	C:\WINDOWS\system32\WS2_32.dll
0x00007ffa45040000 - 0x00007ffa4506a000 	C:\WINDOWS\SYSTEM32\WINMMBASE.dll
0x00007ffa4a030000 - 0x00007ffa4a039000 	C:\WINDOWS\system32\NSI.dll
0x00007ffa480b0000 - 0x00007ffa480fa000 	C:\WINDOWS\SYSTEM32\cfgmgr32.dll
0x00007ffa46bd0000 - 0x00007ffa46bf6000 	C:\WINDOWS\SYSTEM32\DEVOBJ.dll
0x0000000052280000 - 0x000000005228f000 	C:\Program Files\Java\jre7\bin\verify.dll
0x0000000052250000 - 0x0000000052278000 	C:\Program Files\Java\jre7\bin\java.dll
0x0000000052230000 - 0x0000000052245000 	C:\Program Files\Java\jre7\bin\zip.dll

VM Arguments:
jvm_args: -Dfile.encoding=Cp1251 -Xbootclasspath:C:\Android\adt-bundle-windows-x86_64-20131030\sdk\platforms\android-15\android.jar 
java_command: org.coursera.capstone.client.unsafe.EasyHttpClient
Launcher Type: SUN_STANDARD

Environment Variables:
JAVA_HOME=C:\Program Files (x86)\Java\jdk1.7.0_25\bin
PATH=C:\Program Files (x86)\NVIDIA Corporation\PhysX\Common;C:\Python27\;C:\Python27\Scripts;C:\Python33\;C:\Program Files (x86)\Intel\iCLS Client\;C:\Program Files\Intel\iCLS Client\;C:\WINDOWS\system32;C:\WINDOWS;C:\WINDOWS\System32\Wbem;C:\WINDOWS\System32\WindowsPowerShell\v1.0\;C:\Program Files (x86)\EgisTec MyWinLocker\x64;C:\Program Files (x86)\EgisTec MyWinLocker\;C:\Program Files (x86)\Intel\OpenCL SDK\2.0\bin\x86;C:\Program Files (x86)\Intel\OpenCL SDK\2.0\bin\x64;C:\Program Files\Intel\Intel(R) Management Engine Components\DAL;C:\Program Files\Intel\Intel(R) Management Engine Components\IPT;C:\Program Files (x86)\Intel\Intel(R) Management Engine Components\DAL;C:\Program Files (x86)\Intel\Intel(R) Management Engine Components\IPT;C:\Program Files (x86)\GtkSharp\2.12\bin;C:\Program Files (x86)\Windows Kits\8.0\Windows Performance Toolkit\;C:\Program Files (x86)\Java\jdk1.7.0_25\bin;C:\Program Files\Java\jdk1.7.0_25\bin;c:\Program Files (x86)\Microsoft SQL Server\100\Tools\Binn\;c:\Program Files (x86)\Microsoft SQL Server\100\DTS\Binn\;c:\Program Files (x86)\Microsoft SQL Server\100\Tools\Binn\VSShell\Common7\IDE\;C:\Program Files\Microsoft SQL Server\110\Tools\Binn\;C:\Program Files\Microsoft\Web Platform Installer\;C:\Program Files (x86)\Microsoft ASP.NET\ASP.NET Web Pages\v1.0\;C:\Program Files (x86)\MySQL\MySQL Utilities 1.3.4\;C:\Program Files\MySQL\MySQL Server 5.6\bin;C:\Server\web\apache\bin;C:\Server\web\php;C:\Server\web\zend\bin;C:\Program Files (x86)\QuickTime\QTSystem\;C:\Program Files\TortoiseSVN\bin;C:\Users\aniou_000\AppData\Roaming\Python\Scripts;C:\Program Files (x86)\OpenVPN\bin
USERNAME=aniou_000
OS=Windows_NT
PROCESSOR_IDENTIFIER=Intel64 Family 6 Model 58 Stepping 9, GenuineIntel



---------------  S Y S T E M  ---------------

OS: Windows 8 , 64 bit Build 9200 

CPU:total 4 (2 cores per cpu, 2 threads per core) family 6 model 58 stepping 9, cmov, cx8, fxsr, mmx, sse, sse2, sse3, ssse3, sse4.1, sse4.2, popcnt, avx, ht, tsc, tscinvbit, tscinv

Memory: 4k page, physical 8199444k(2521104k free), swap 16588052k(8060816k free)

vm_info: Java HotSpot(TM) 64-Bit Server VM (23.25-b01) for windows-amd64 JRE (1.7.0_25-b16), built on Jun 12 2013 16:42:02 by "java_re" with unknown MS VC++:1600

time: Sat Nov 29 20:22:17 2014
elapsed time: 0 seconds

